2023-02-08T09:06:16.669-06:00  INFO 16324 --- [main] com.traceit.back.BackApplication         : Starting BackApplication using Java 17.0.6 with PID 16324 (C:\Users\Traceit\Desktop\proyecto\FridaOcampoIt\back\target\classes started by Traceit in C:\Users\Traceit\Desktop\proyecto\FridaOcampoIt\back)
2023-02-08T09:06:16.685-06:00  INFO 16324 --- [main] com.traceit.back.BackApplication         : The following 1 profile is active: "development"
2023-02-08T09:06:17.616-06:00  INFO 16324 --- [main] .s.d.r.c.RepositoryConfigurationDelegate : Bootstrapping Spring Data JPA repositories in DEFAULT mode.
2023-02-08T09:06:17.682-06:00  INFO 16324 --- [main] .s.d.r.c.RepositoryConfigurationDelegate : Finished Spring Data repository scanning in 56 ms. Found 2 JPA repository interfaces.
2023-02-08T09:06:18.822-06:00  INFO 16324 --- [main] o.s.b.w.embedded.tomcat.TomcatWebServer  : Tomcat initialized with port(s): 8000 (http)
2023-02-08T09:06:18.832-06:00  INFO 16324 --- [main] o.apache.catalina.core.StandardService   : Starting service [Tomcat]
2023-02-08T09:06:18.833-06:00  INFO 16324 --- [main] o.apache.catalina.core.StandardEngine    : Starting Servlet engine: [Apache Tomcat/10.1.5]
2023-02-08T09:06:18.928-06:00  INFO 16324 --- [main] o.a.c.c.C.[Tomcat].[localhost].[/]       : Initializing Spring embedded WebApplicationContext
2023-02-08T09:06:18.928-06:00  INFO 16324 --- [main] w.s.c.ServletWebServerApplicationContext : Root WebApplicationContext: initialization completed in 2168 ms
2023-02-08T09:06:19.107-06:00  INFO 16324 --- [main] o.hibernate.jpa.internal.util.LogHelper  : HHH000204: Processing PersistenceUnitInfo [name: default]
2023-02-08T09:06:19.215-06:00  INFO 16324 --- [main] org.hibernate.Version                    : HHH000412: Hibernate ORM core version 6.1.6.Final
2023-02-08T09:06:19.469-06:00  WARN 16324 --- [main] org.hibernate.orm.deprecation            : HHH90000021: Encountered deprecated setting [javax.persistence.sharedCache.mode], use [jakarta.persistence.sharedCache.mode] instead
2023-02-08T09:06:19.650-06:00  INFO 16324 --- [main] com.zaxxer.hikari.HikariDataSource       : HikariPool-1 - Starting...
2023-02-08T09:06:20.075-06:00  INFO 16324 --- [main] com.zaxxer.hikari.pool.HikariPool        : HikariPool-1 - Added connection org.postgresql.jdbc.PgConnection@388be5fd
2023-02-08T09:06:20.078-06:00  INFO 16324 --- [main] com.zaxxer.hikari.HikariDataSource       : HikariPool-1 - Start completed.
2023-02-08T09:06:20.137-06:00  INFO 16324 --- [main] SQL dialect                              : HHH000400: Using dialect: org.hibernate.dialect.PostgreSQLDialect
2023-02-08T09:06:21.089-06:00  INFO 16324 --- [main] o.h.e.t.j.p.i.JtaPlatformInitiator       : HHH000490: Using JtaPlatform implementation: [org.hibernate.engine.transaction.jta.platform.internal.NoJtaPlatform]
2023-02-08T09:06:21.101-06:00  INFO 16324 --- [main] j.LocalContainerEntityManagerFactoryBean : Initialized JPA EntityManagerFactory for persistence unit 'default'
2023-02-08T09:06:22.139-06:00  INFO 16324 --- [main] o.s.s.web.DefaultSecurityFilterChain     : Will secure any request with [org.springframework.security.web.session.DisableEncodeUrlFilter@b814e23, org.springframework.security.web.context.request.async.WebAsyncManagerIntegrationFilter@5f81507a, org.springframework.security.web.context.SecurityContextHolderFilter@34ff08c6, org.springframework.security.web.header.HeaderWriterFilter@1231f25c, org.springframework.security.web.authentication.logout.LogoutFilter@3055f310, com.traceit.back.config.JWTFilter@2914a328, org.springframework.security.web.savedrequest.RequestCacheAwareFilter@71135794, org.springframework.security.web.servletapi.SecurityContextHolderAwareRequestFilter@4a10c019, org.springframework.security.web.authentication.AnonymousAuthenticationFilter@7d7c05fa, org.springframework.security.web.session.SessionManagementFilter@c7443f, org.springframework.security.web.access.ExceptionTranslationFilter@2d3768ce, org.springframework.security.web.access.intercept.AuthorizationFilter@a0bdbe2]
2023-02-08T09:06:22.484-06:00  INFO 16324 --- [main] o.s.b.w.embedded.tomcat.TomcatWebServer  : Tomcat started on port(s): 8000 (http) with context path ''
2023-02-08T09:06:22.496-06:00  INFO 16324 --- [main] com.traceit.back.BackApplication         : Started BackApplication in 6.449 seconds (process running for 7.12)
2023-02-08T10:15:41.824-06:00  INFO 16324 --- [http-nio-8000-exec-1] o.a.c.c.C.[Tomcat].[localhost].[/]       : Initializing Spring DispatcherServlet 'dispatcherServlet'
2023-02-08T10:15:41.837-06:00  INFO 16324 --- [http-nio-8000-exec-1] o.s.web.servlet.DispatcherServlet        : Initializing Servlet 'dispatcherServlet'
2023-02-08T10:15:41.911-06:00  INFO 16324 --- [http-nio-8000-exec-1] o.s.web.servlet.DispatcherServlet        : Completed initialization in 72 ms
2023-02-08T11:56:40.139-06:00  WARN 16324 --- [HikariPool-1 housekeeper] com.zaxxer.hikari.pool.HikariPool        : HikariPool-1 - Thread starvation or clock leap detected (housekeeper delta=17m19s36ms678µs500ns).
2023-02-08T14:06:27.404-06:00  INFO 16324 --- [SpringApplicationShutdownHook] j.LocalContainerEntityManagerFactoryBean : Closing JPA EntityManagerFactory for persistence unit 'default'
2023-02-08T14:06:27.444-06:00  INFO 16324 --- [SpringApplicationShutdownHook] com.zaxxer.hikari.HikariDataSource       : HikariPool-1 - Shutdown initiated...
2023-02-08T14:06:27.459-06:00  INFO 16324 --- [SpringApplicationShutdownHook] com.zaxxer.hikari.HikariDataSource       : HikariPool-1 - Shutdown completed.
2023-02-08T14:06:40.838-06:00  INFO 8056 --- [main] com.traceit.back.BackApplication         : Starting BackApplication using Java 17.0.6 with PID 8056 (C:\Users\Traceit\Desktop\proyecto\FridaOcampoIt\back\target\classes started by Traceit in C:\Users\Traceit\Desktop\proyecto\FridaOcampoIt\back)
2023-02-08T14:06:40.841-06:00  INFO 8056 --- [main] com.traceit.back.BackApplication         : The following 1 profile is active: "development"
2023-02-08T14:06:41.699-06:00  INFO 8056 --- [main] .s.d.r.c.RepositoryConfigurationDelegate : Bootstrapping Spring Data JPA repositories in DEFAULT mode.
2023-02-08T14:06:41.784-06:00  INFO 8056 --- [main] .s.d.r.c.RepositoryConfigurationDelegate : Finished Spring Data repository scanning in 72 ms. Found 2 JPA repository interfaces.
2023-02-08T14:06:43.052-06:00  INFO 8056 --- [main] o.s.b.w.embedded.tomcat.TomcatWebServer  : Tomcat initialized with port(s): 8000 (http)
2023-02-08T14:06:43.066-06:00  INFO 8056 --- [main] o.apache.catalina.core.StandardService   : Starting service [Tomcat]
2023-02-08T14:06:43.068-06:00  INFO 8056 --- [main] o.apache.catalina.core.StandardEngine    : Starting Servlet engine: [Apache Tomcat/10.1.5]
2023-02-08T14:06:43.303-06:00  INFO 8056 --- [main] o.a.c.c.C.[Tomcat].[localhost].[/]       : Initializing Spring embedded WebApplicationContext
2023-02-08T14:06:43.304-06:00  INFO 8056 --- [main] w.s.c.ServletWebServerApplicationContext : Root WebApplicationContext: initialization completed in 2384 ms
2023-02-08T14:06:43.485-06:00  INFO 8056 --- [main] o.hibernate.jpa.internal.util.LogHelper  : HHH000204: Processing PersistenceUnitInfo [name: default]
2023-02-08T14:06:43.580-06:00  INFO 8056 --- [main] org.hibernate.Version                    : HHH000412: Hibernate ORM core version 6.1.6.Final
2023-02-08T14:06:43.827-06:00  WARN 8056 --- [main] org.hibernate.orm.deprecation            : HHH90000021: Encountered deprecated setting [javax.persistence.sharedCache.mode], use [jakarta.persistence.sharedCache.mode] instead
2023-02-08T14:06:43.999-06:00  INFO 8056 --- [main] com.zaxxer.hikari.HikariDataSource       : HikariPool-1 - Starting...
2023-02-08T14:06:44.269-06:00  INFO 8056 --- [main] com.zaxxer.hikari.pool.HikariPool        : HikariPool-1 - Added connection org.postgresql.jdbc.PgConnection@73d62b5
2023-02-08T14:06:44.271-06:00  INFO 8056 --- [main] com.zaxxer.hikari.HikariDataSource       : HikariPool-1 - Start completed.
2023-02-08T14:06:44.318-06:00  INFO 8056 --- [main] SQL dialect                              : HHH000400: Using dialect: org.hibernate.dialect.PostgreSQLDialect
2023-02-08T14:06:45.397-06:00  INFO 8056 --- [main] o.h.e.t.j.p.i.JtaPlatformInitiator       : HHH000490: Using JtaPlatform implementation: [org.hibernate.engine.transaction.jta.platform.internal.NoJtaPlatform]
2023-02-08T14:06:45.405-06:00  INFO 8056 --- [main] j.LocalContainerEntityManagerFactoryBean : Initialized JPA EntityManagerFactory for persistence unit 'default'
2023-02-08T14:06:46.526-06:00  INFO 8056 --- [main] o.s.s.web.DefaultSecurityFilterChain     : Will secure any request with [org.springframework.security.web.session.DisableEncodeUrlFilter@862624f, org.springframework.security.web.context.request.async.WebAsyncManagerIntegrationFilter@3aa8c337, org.springframework.security.web.context.SecurityContextHolderFilter@39fc17be, org.springframework.security.web.header.HeaderWriterFilter@28100232, org.springframework.security.web.authentication.logout.LogoutFilter@19b3d3a4, com.traceit.back.config.JWTFilter@67823972, org.springframework.security.web.savedrequest.RequestCacheAwareFilter@4d9cf71d, org.springframework.security.web.servletapi.SecurityContextHolderAwareRequestFilter@49322d04, org.springframework.security.web.authentication.AnonymousAuthenticationFilter@78e7b83, org.springframework.security.web.session.SessionManagementFilter@76cbee13, org.springframework.security.web.access.ExceptionTranslationFilter@5dff108c, org.springframework.security.web.access.intercept.AuthorizationFilter@7fb9a83c]
2023-02-08T14:06:46.883-06:00  INFO 8056 --- [main] o.s.b.w.embedded.tomcat.TomcatWebServer  : Tomcat started on port(s): 8000 (http) with context path ''
2023-02-08T14:06:46.894-06:00  INFO 8056 --- [main] com.traceit.back.BackApplication         : Started BackApplication in 6.566 seconds (process running for 15.494)
2023-02-08T14:06:53.658-06:00  INFO 8056 --- [http-nio-8000-exec-1] o.a.c.c.C.[Tomcat].[localhost].[/]       : Initializing Spring DispatcherServlet 'dispatcherServlet'
2023-02-08T14:06:53.660-06:00  INFO 8056 --- [http-nio-8000-exec-1] o.s.web.servlet.DispatcherServlet        : Initializing Servlet 'dispatcherServlet'
2023-02-08T14:06:53.661-06:00  INFO 8056 --- [http-nio-8000-exec-1] o.s.web.servlet.DispatcherServlet        : Completed initialization in 1 ms
2023-02-08T14:19:46.106-06:00  INFO 8056 --- [SpringApplicationShutdownHook] j.LocalContainerEntityManagerFactoryBean : Closing JPA EntityManagerFactory for persistence unit 'default'
2023-02-08T14:19:46.167-06:00  INFO 8056 --- [SpringApplicationShutdownHook] com.zaxxer.hikari.HikariDataSource       : HikariPool-1 - Shutdown initiated...
2023-02-08T14:19:46.195-06:00  INFO 8056 --- [SpringApplicationShutdownHook] com.zaxxer.hikari.HikariDataSource       : HikariPool-1 - Shutdown completed.
2023-02-08T14:19:51.545-06:00  INFO 8264 --- [main] com.traceit.back.BackApplication         : Starting BackApplication using Java 17.0.6 with PID 8264 (C:\Users\Traceit\Desktop\proyecto\FridaOcampoIt\back\target\classes started by Traceit in C:\Users\Traceit\Desktop\proyecto\FridaOcampoIt\back)
2023-02-08T14:19:51.550-06:00  INFO 8264 --- [main] com.traceit.back.BackApplication         : No active profile set, falling back to 1 default profile: "default"
2023-02-08T14:19:52.412-06:00  INFO 8264 --- [main] .s.d.r.c.RepositoryConfigurationDelegate : Bootstrapping Spring Data JPA repositories in DEFAULT mode.
2023-02-08T14:19:52.480-06:00  INFO 8264 --- [main] .s.d.r.c.RepositoryConfigurationDelegate : Finished Spring Data repository scanning in 52 ms. Found 2 JPA repository interfaces.
2023-02-08T14:19:53.669-06:00  INFO 8264 --- [main] o.s.b.w.embedded.tomcat.TomcatWebServer  : Tomcat initialized with port(s): 8000 (http)
2023-02-08T14:19:53.681-06:00  INFO 8264 --- [main] o.apache.catalina.core.StandardService   : Starting service [Tomcat]
2023-02-08T14:19:53.682-06:00  INFO 8264 --- [main] o.apache.catalina.core.StandardEngine    : Starting Servlet engine: [Apache Tomcat/10.1.5]
2023-02-08T14:19:53.819-06:00  INFO 8264 --- [main] o.a.c.c.C.[Tomcat].[localhost].[/]       : Initializing Spring embedded WebApplicationContext
2023-02-08T14:19:53.820-06:00  INFO 8264 --- [main] w.s.c.ServletWebServerApplicationContext : Root WebApplicationContext: initialization completed in 2197 ms
2023-02-08T14:19:53.977-06:00  INFO 8264 --- [main] o.hibernate.jpa.internal.util.LogHelper  : HHH000204: Processing PersistenceUnitInfo [name: default]
2023-02-08T14:19:54.087-06:00  INFO 8264 --- [main] org.hibernate.Version                    : HHH000412: Hibernate ORM core version 6.1.6.Final
2023-02-08T14:19:54.436-06:00  WARN 8264 --- [main] org.hibernate.orm.deprecation            : HHH90000021: Encountered deprecated setting [javax.persistence.sharedCache.mode], use [jakarta.persistence.sharedCache.mode] instead
2023-02-08T14:19:54.654-06:00  INFO 8264 --- [main] com.zaxxer.hikari.HikariDataSource       : HikariPool-1 - Starting...
2023-02-08T14:19:54.992-06:00  INFO 8264 --- [main] com.zaxxer.hikari.pool.HikariPool        : HikariPool-1 - Added connection org.postgresql.jdbc.PgConnection@282c4da0
2023-02-08T14:19:54.996-06:00  INFO 8264 --- [main] com.zaxxer.hikari.HikariDataSource       : HikariPool-1 - Start completed.
2023-02-08T14:19:55.039-06:00  INFO 8264 --- [main] SQL dialect                              : HHH000400: Using dialect: org.hibernate.dialect.PostgreSQLDialect
2023-02-08T14:19:56.178-06:00  INFO 8264 --- [main] o.h.e.t.j.p.i.JtaPlatformInitiator       : HHH000490: Using JtaPlatform implementation: [org.hibernate.engine.transaction.jta.platform.internal.NoJtaPlatform]
2023-02-08T14:19:56.188-06:00  INFO 8264 --- [main] j.LocalContainerEntityManagerFactoryBean : Initialized JPA EntityManagerFactory for persistence unit 'default'
2023-02-08T14:19:57.263-06:00  INFO 8264 --- [main] o.s.s.web.DefaultSecurityFilterChain     : Will secure any request with [org.springframework.security.web.session.DisableEncodeUrlFilter@33214124, org.springframework.security.web.context.request.async.WebAsyncManagerIntegrationFilter@2d3768ce, org.springframework.security.web.context.SecurityContextHolderFilter@18fa5af6, org.springframework.security.web.header.HeaderWriterFilter@42ac309, org.springframework.security.web.authentication.logout.LogoutFilter@4fe9adfb, com.traceit.back.config.JWTFilter@259aec72, org.springframework.security.web.savedrequest.RequestCacheAwareFilter@7164e28a, org.springframework.security.web.servletapi.SecurityContextHolderAwareRequestFilter@2de07c57, org.springframework.security.web.authentication.AnonymousAuthenticationFilter@2a9ea03f, org.springframework.security.web.session.SessionManagementFilter@32c8d67, org.springframework.security.web.access.ExceptionTranslationFilter@f472245, org.springframework.security.web.access.intercept.AuthorizationFilter@31f5ffb9]
2023-02-08T14:19:57.581-06:00  INFO 8264 --- [main] o.s.b.w.embedded.tomcat.TomcatWebServer  : Tomcat started on port(s): 8000 (http) with context path ''
2023-02-08T14:19:57.592-06:00  INFO 8264 --- [main] com.traceit.back.BackApplication         : Started BackApplication in 6.711 seconds (process running for 7.613)
2023-02-08T14:20:10.845-06:00  INFO 8264 --- [http-nio-8000-exec-1] o.a.c.c.C.[Tomcat].[localhost].[/]       : Initializing Spring DispatcherServlet 'dispatcherServlet'
2023-02-08T14:20:10.846-06:00  INFO 8264 --- [http-nio-8000-exec-1] o.s.web.servlet.DispatcherServlet        : Initializing Servlet 'dispatcherServlet'
2023-02-08T14:20:10.847-06:00  INFO 8264 --- [http-nio-8000-exec-1] o.s.web.servlet.DispatcherServlet        : Completed initialization in 1 ms
2023-02-08T14:21:35.971-06:00  INFO 8264 --- [SpringApplicationShutdownHook] j.LocalContainerEntityManagerFactoryBean : Closing JPA EntityManagerFactory for persistence unit 'default'
2023-02-08T14:21:35.972-06:00  INFO 8264 --- [SpringApplicationShutdownHook] com.zaxxer.hikari.HikariDataSource       : HikariPool-1 - Shutdown initiated...
2023-02-08T14:21:35.981-06:00  INFO 8264 --- [SpringApplicationShutdownHook] com.zaxxer.hikari.HikariDataSource       : HikariPool-1 - Shutdown completed.
2023-02-08T14:21:41.000-06:00  INFO 11616 --- [main] com.traceit.back.BackApplication         : Starting BackApplication using Java 17.0.6 with PID 11616 (C:\Users\Traceit\Desktop\proyecto\FridaOcampoIt\back\target\classes started by Traceit in C:\Users\Traceit\Desktop\proyecto\FridaOcampoIt\back)
2023-02-08T14:21:41.004-06:00  INFO 11616 --- [main] com.traceit.back.BackApplication         : The following 1 profile is active: "development"
2023-02-08T14:21:41.834-06:00  INFO 11616 --- [main] .s.d.r.c.RepositoryConfigurationDelegate : Bootstrapping Spring Data JPA repositories in DEFAULT mode.
2023-02-08T14:21:41.916-06:00  INFO 11616 --- [main] .s.d.r.c.RepositoryConfigurationDelegate : Finished Spring Data repository scanning in 65 ms. Found 2 JPA repository interfaces.
2023-02-08T14:21:43.453-06:00  INFO 11616 --- [main] o.s.b.w.embedded.tomcat.TomcatWebServer  : Tomcat initialized with port(s): 8000 (http)
2023-02-08T14:21:43.472-06:00  INFO 11616 --- [main] o.apache.catalina.core.StandardService   : Starting service [Tomcat]
2023-02-08T14:21:43.473-06:00  INFO 11616 --- [main] o.apache.catalina.core.StandardEngine    : Starting Servlet engine: [Apache Tomcat/10.1.5]
2023-02-08T14:21:43.608-06:00  INFO 11616 --- [main] o.a.c.c.C.[Tomcat].[localhost].[/]       : Initializing Spring embedded WebApplicationContext
2023-02-08T14:21:43.609-06:00  INFO 11616 --- [main] w.s.c.ServletWebServerApplicationContext : Root WebApplicationContext: initialization completed in 2521 ms
2023-02-08T14:21:43.783-06:00  INFO 11616 --- [main] o.hibernate.jpa.internal.util.LogHelper  : HHH000204: Processing PersistenceUnitInfo [name: default]
2023-02-08T14:21:43.889-06:00  INFO 11616 --- [main] org.hibernate.Version                    : HHH000412: Hibernate ORM core version 6.1.6.Final
2023-02-08T14:21:44.167-06:00  WARN 11616 --- [main] org.hibernate.orm.deprecation            : HHH90000021: Encountered deprecated setting [javax.persistence.sharedCache.mode], use [jakarta.persistence.sharedCache.mode] instead
2023-02-08T14:21:44.484-06:00  INFO 11616 --- [main] com.zaxxer.hikari.HikariDataSource       : HikariPool-1 - Starting...
2023-02-08T14:21:44.781-06:00  INFO 11616 --- [main] com.zaxxer.hikari.pool.HikariPool        : HikariPool-1 - Added connection org.postgresql.jdbc.PgConnection@720f56e2
2023-02-08T14:21:44.783-06:00  INFO 11616 --- [main] com.zaxxer.hikari.HikariDataSource       : HikariPool-1 - Start completed.
2023-02-08T14:21:44.838-06:00  INFO 11616 --- [main] SQL dialect                              : HHH000400: Using dialect: org.hibernate.dialect.PostgreSQLDialect
2023-02-08T14:21:46.150-06:00  INFO 11616 --- [main] o.h.e.t.j.p.i.JtaPlatformInitiator       : HHH000490: Using JtaPlatform implementation: [org.hibernate.engine.transaction.jta.platform.internal.NoJtaPlatform]
2023-02-08T14:21:46.170-06:00  INFO 11616 --- [main] j.LocalContainerEntityManagerFactoryBean : Initialized JPA EntityManagerFactory for persistence unit 'default'
2023-02-08T14:21:47.386-06:00  INFO 11616 --- [main] o.s.s.web.DefaultSecurityFilterChain     : Will secure any request with [org.springframework.security.web.session.DisableEncodeUrlFilter@e2344da, org.springframework.security.web.context.request.async.WebAsyncManagerIntegrationFilter@71135794, org.springframework.security.web.context.SecurityContextHolderFilter@56b48163, org.springframework.security.web.header.HeaderWriterFilter@51efdb72, org.springframework.security.web.authentication.logout.LogoutFilter@7fb9a83c, com.traceit.back.config.JWTFilter@c79780, org.springframework.security.web.savedrequest.RequestCacheAwareFilter@5eae392d, org.springframework.security.web.servletapi.SecurityContextHolderAwareRequestFilter@29bf90fc, org.springframework.security.web.authentication.AnonymousAuthenticationFilter@79b0956e, org.springframework.security.web.session.SessionManagementFilter@49322d04, org.springframework.security.web.access.ExceptionTranslationFilter@7164e28a, org.springframework.security.web.access.intercept.AuthorizationFilter@74e175c7]
2023-02-08T14:21:47.710-06:00  INFO 11616 --- [main] o.s.b.w.embedded.tomcat.TomcatWebServer  : Tomcat started on port(s): 8000 (http) with context path ''
2023-02-08T14:21:47.730-06:00  INFO 11616 --- [main] com.traceit.back.BackApplication         : Started BackApplication in 7.462 seconds (process running for 8.053)
2023-02-08T14:22:28.381-06:00  INFO 11616 --- [http-nio-8000-exec-1] o.a.c.c.C.[Tomcat].[localhost].[/]       : Initializing Spring DispatcherServlet 'dispatcherServlet'
2023-02-08T14:22:28.382-06:00  INFO 11616 --- [http-nio-8000-exec-1] o.s.web.servlet.DispatcherServlet        : Initializing Servlet 'dispatcherServlet'
2023-02-08T14:22:28.384-06:00  INFO 11616 --- [http-nio-8000-exec-1] o.s.web.servlet.DispatcherServlet        : Completed initialization in 2 ms
2023-02-08T14:45:09.986-06:00  INFO 11616 --- [SpringApplicationShutdownHook] j.LocalContainerEntityManagerFactoryBean : Closing JPA EntityManagerFactory for persistence unit 'default'
2023-02-08T14:45:10.008-06:00  INFO 11616 --- [SpringApplicationShutdownHook] com.zaxxer.hikari.HikariDataSource       : HikariPool-1 - Shutdown initiated...
2023-02-08T14:45:10.036-06:00  INFO 11616 --- [SpringApplicationShutdownHook] com.zaxxer.hikari.HikariDataSource       : HikariPool-1 - Shutdown completed.
2023-02-08T14:45:17.521-06:00  INFO 3668 --- [main] com.traceit.back.BackApplication         : Starting BackApplication using Java 17.0.6 with PID 3668 (C:\Users\Traceit\Desktop\proyecto\FridaOcampoIt\back\target\classes started by Traceit in C:\Users\Traceit\Desktop\proyecto\FridaOcampoIt\back)
2023-02-08T14:45:17.524-06:00  INFO 3668 --- [main] com.traceit.back.BackApplication         : The following 1 profile is active: "development"
2023-02-08T14:45:18.259-06:00  INFO 3668 --- [main] .s.d.r.c.RepositoryConfigurationDelegate : Bootstrapping Spring Data JPA repositories in DEFAULT mode.
2023-02-08T14:45:18.333-06:00  INFO 3668 --- [main] .s.d.r.c.RepositoryConfigurationDelegate : Finished Spring Data repository scanning in 63 ms. Found 2 JPA repository interfaces.
2023-02-08T14:45:19.585-06:00  INFO 3668 --- [main] o.s.b.w.embedded.tomcat.TomcatWebServer  : Tomcat initialized with port(s): 8000 (http)
2023-02-08T14:45:19.605-06:00  INFO 3668 --- [main] o.apache.catalina.core.StandardService   : Starting service [Tomcat]
2023-02-08T14:45:19.606-06:00  INFO 3668 --- [main] o.apache.catalina.core.StandardEngine    : Starting Servlet engine: [Apache Tomcat/10.1.5]
2023-02-08T14:45:19.739-06:00  INFO 3668 --- [main] o.a.c.c.C.[Tomcat].[localhost].[/]       : Initializing Spring embedded WebApplicationContext
2023-02-08T14:45:19.740-06:00  INFO 3668 --- [main] w.s.c.ServletWebServerApplicationContext : Root WebApplicationContext: initialization completed in 2158 ms
2023-02-08T14:45:19.887-06:00  INFO 3668 --- [main] o.hibernate.jpa.internal.util.LogHelper  : HHH000204: Processing PersistenceUnitInfo [name: default]
2023-02-08T14:45:20.007-06:00  INFO 3668 --- [main] org.hibernate.Version                    : HHH000412: Hibernate ORM core version 6.1.6.Final
2023-02-08T14:45:20.243-06:00  WARN 3668 --- [main] org.hibernate.orm.deprecation            : HHH90000021: Encountered deprecated setting [javax.persistence.sharedCache.mode], use [jakarta.persistence.sharedCache.mode] instead
2023-02-08T14:45:20.410-06:00  INFO 3668 --- [main] com.zaxxer.hikari.HikariDataSource       : HikariPool-1 - Starting...
2023-02-08T14:45:20.629-06:00  INFO 3668 --- [main] com.zaxxer.hikari.pool.HikariPool        : HikariPool-1 - Added connection org.postgresql.jdbc.PgConnection@7a358613
2023-02-08T14:45:20.631-06:00  INFO 3668 --- [main] com.zaxxer.hikari.HikariDataSource       : HikariPool-1 - Start completed.
2023-02-08T14:45:20.679-06:00  INFO 3668 --- [main] SQL dialect                              : HHH000400: Using dialect: org.hibernate.dialect.PostgreSQLDialect
2023-02-08T14:45:21.633-06:00  INFO 3668 --- [main] o.h.e.t.j.p.i.JtaPlatformInitiator       : HHH000490: Using JtaPlatform implementation: [org.hibernate.engine.transaction.jta.platform.internal.NoJtaPlatform]
2023-02-08T14:45:21.643-06:00  INFO 3668 --- [main] j.LocalContainerEntityManagerFactoryBean : Initialized JPA EntityManagerFactory for persistence unit 'default'
2023-02-08T14:45:22.570-06:00  INFO 3668 --- [main] o.s.s.web.DefaultSecurityFilterChain     : Will secure any request with [org.springframework.security.web.session.DisableEncodeUrlFilter@ca2a03f, org.springframework.security.web.context.request.async.WebAsyncManagerIntegrationFilter@4a7c72af, org.springframework.security.web.context.SecurityContextHolderFilter@394b9e22, org.springframework.security.web.header.HeaderWriterFilter@55d8f6bb, org.springframework.security.web.authentication.logout.LogoutFilter@79b0956e, com.traceit.back.config.JWTFilter@2555a986, org.springframework.security.web.savedrequest.RequestCacheAwareFilter@4fe9adfb, org.springframework.security.web.servletapi.SecurityContextHolderAwareRequestFilter@7fe0ca60, org.springframework.security.web.authentication.AnonymousAuthenticationFilter@3e24bab6, org.springframework.security.web.session.SessionManagementFilter@24ee6faa, org.springframework.security.web.access.ExceptionTranslationFilter@49322d04, org.springframework.security.web.access.intercept.AuthorizationFilter@5382a35f]
2023-02-08T14:45:22.935-06:00  INFO 3668 --- [main] o.s.b.w.embedded.tomcat.TomcatWebServer  : Tomcat started on port(s): 8000 (http) with context path ''
2023-02-08T14:45:22.950-06:00  INFO 3668 --- [main] com.traceit.back.BackApplication         : Started BackApplication in 6.016 seconds (process running for 6.69)
2023-02-08T14:45:46.393-06:00  INFO 3668 --- [http-nio-8000-exec-2] o.a.c.c.C.[Tomcat].[localhost].[/]       : Initializing Spring DispatcherServlet 'dispatcherServlet'
2023-02-08T14:45:46.395-06:00  INFO 3668 --- [http-nio-8000-exec-2] o.s.web.servlet.DispatcherServlet        : Initializing Servlet 'dispatcherServlet'
2023-02-08T14:45:46.396-06:00  INFO 3668 --- [http-nio-8000-exec-2] o.s.web.servlet.DispatcherServlet        : Completed initialization in 1 ms
2023-02-08T14:46:56.636-06:00  INFO 3668 --- [SpringApplicationShutdownHook] j.LocalContainerEntityManagerFactoryBean : Closing JPA EntityManagerFactory for persistence unit 'default'
2023-02-08T14:46:56.641-06:00  INFO 3668 --- [SpringApplicationShutdownHook] com.zaxxer.hikari.HikariDataSource       : HikariPool-1 - Shutdown initiated...
2023-02-08T14:46:56.652-06:00  INFO 3668 --- [SpringApplicationShutdownHook] com.zaxxer.hikari.HikariDataSource       : HikariPool-1 - Shutdown completed.
2023-02-08T14:47:03.425-06:00  INFO 1564 --- [main] com.traceit.back.BackApplication         : Starting BackApplication using Java 17.0.6 with PID 1564 (C:\Users\Traceit\Desktop\proyecto\FridaOcampoIt\back\target\classes started by Traceit in C:\Users\Traceit\Desktop\proyecto\FridaOcampoIt\back)
2023-02-08T14:47:03.429-06:00  INFO 1564 --- [main] com.traceit.back.BackApplication         : The following 1 profile is active: "development"
2023-02-08T14:47:04.178-06:00  INFO 1564 --- [main] .s.d.r.c.RepositoryConfigurationDelegate : Bootstrapping Spring Data JPA repositories in DEFAULT mode.
2023-02-08T14:47:04.237-06:00  INFO 1564 --- [main] .s.d.r.c.RepositoryConfigurationDelegate : Finished Spring Data repository scanning in 48 ms. Found 2 JPA repository interfaces.
2023-02-08T14:47:05.204-06:00  INFO 1564 --- [main] o.s.b.w.embedded.tomcat.TomcatWebServer  : Tomcat initialized with port(s): 8000 (http)
2023-02-08T14:47:05.217-06:00  INFO 1564 --- [main] o.apache.catalina.core.StandardService   : Starting service [Tomcat]
2023-02-08T14:47:05.218-06:00  INFO 1564 --- [main] o.apache.catalina.core.StandardEngine    : Starting Servlet engine: [Apache Tomcat/10.1.5]
2023-02-08T14:47:05.345-06:00  INFO 1564 --- [main] o.a.c.c.C.[Tomcat].[localhost].[/]       : Initializing Spring embedded WebApplicationContext
2023-02-08T14:47:05.346-06:00  INFO 1564 --- [main] w.s.c.ServletWebServerApplicationContext : Root WebApplicationContext: initialization completed in 1826 ms
2023-02-08T14:47:05.465-06:00  INFO 1564 --- [main] o.hibernate.jpa.internal.util.LogHelper  : HHH000204: Processing PersistenceUnitInfo [name: default]
2023-02-08T14:47:05.538-06:00  INFO 1564 --- [main] org.hibernate.Version                    : HHH000412: Hibernate ORM core version 6.1.6.Final
2023-02-08T14:47:05.766-06:00  WARN 1564 --- [main] org.hibernate.orm.deprecation            : HHH90000021: Encountered deprecated setting [javax.persistence.sharedCache.mode], use [jakarta.persistence.sharedCache.mode] instead
2023-02-08T14:47:05.917-06:00  INFO 1564 --- [main] com.zaxxer.hikari.HikariDataSource       : HikariPool-1 - Starting...
2023-02-08T14:47:06.105-06:00  INFO 1564 --- [main] com.zaxxer.hikari.pool.HikariPool        : HikariPool-1 - Added connection org.postgresql.jdbc.PgConnection@3c33fcf8
2023-02-08T14:47:06.107-06:00  INFO 1564 --- [main] com.zaxxer.hikari.HikariDataSource       : HikariPool-1 - Start completed.
2023-02-08T14:47:06.147-06:00  INFO 1564 --- [main] SQL dialect                              : HHH000400: Using dialect: org.hibernate.dialect.PostgreSQLDialect
2023-02-08T14:47:07.098-06:00  INFO 1564 --- [main] o.h.e.t.j.p.i.JtaPlatformInitiator       : HHH000490: Using JtaPlatform implementation: [org.hibernate.engine.transaction.jta.platform.internal.NoJtaPlatform]
2023-02-08T14:47:07.109-06:00  INFO 1564 --- [main] j.LocalContainerEntityManagerFactoryBean : Initialized JPA EntityManagerFactory for persistence unit 'default'
2023-02-08T14:47:08.139-06:00  INFO 1564 --- [main] o.s.s.web.DefaultSecurityFilterChain     : Will secure any request with [org.springframework.security.web.session.DisableEncodeUrlFilter@3055f310, org.springframework.security.web.context.request.async.WebAsyncManagerIntegrationFilter@4b7c0f39, org.springframework.security.web.context.SecurityContextHolderFilter@62871522, org.springframework.security.web.header.HeaderWriterFilter@7de43652, org.springframework.security.web.authentication.logout.LogoutFilter@4e3d36c2, com.traceit.back.config.JWTFilter@476a970c, org.springframework.security.web.savedrequest.RequestCacheAwareFilter@517d9cd5, org.springframework.security.web.servletapi.SecurityContextHolderAwareRequestFilter@78e7b83, org.springframework.security.web.authentication.AnonymousAuthenticationFilter@25b402ea, org.springframework.security.web.session.SessionManagementFilter@1231f25c, org.springframework.security.web.access.ExceptionTranslationFilter@f8fe81e, org.springframework.security.web.access.intercept.AuthorizationFilter@4cd6f08b]
2023-02-08T14:47:08.491-06:00  INFO 1564 --- [main] o.s.b.w.embedded.tomcat.TomcatWebServer  : Tomcat started on port(s): 8000 (http) with context path ''
2023-02-08T14:47:08.505-06:00  INFO 1564 --- [main] com.traceit.back.BackApplication         : Started BackApplication in 5.686 seconds (process running for 6.161)
2023-02-08T14:47:19.721-06:00  INFO 1564 --- [http-nio-8000-exec-1] o.a.c.c.C.[Tomcat].[localhost].[/]       : Initializing Spring DispatcherServlet 'dispatcherServlet'
2023-02-08T14:47:19.722-06:00  INFO 1564 --- [http-nio-8000-exec-1] o.s.web.servlet.DispatcherServlet        : Initializing Servlet 'dispatcherServlet'
2023-02-08T14:47:19.724-06:00  INFO 1564 --- [http-nio-8000-exec-1] o.s.web.servlet.DispatcherServlet        : Completed initialization in 1 ms
2023-02-08T15:08:43.168-06:00  INFO 4992 --- [main] com.traceit.back.BackApplication         : Starting BackApplication using Java 17.0.6 with PID 4992 (C:\Users\Traceit\Desktop\proyecto\FridaOcampoIt\back\target\classes started by Traceit in C:\Users\Traceit\Desktop\proyecto\FridaOcampoIt\back)
2023-02-08T15:08:43.171-06:00  INFO 4992 --- [main] com.traceit.back.BackApplication         : The following 1 profile is active: "development"
2023-02-08T15:08:44.047-06:00  INFO 4992 --- [main] .s.d.r.c.RepositoryConfigurationDelegate : Bootstrapping Spring Data JPA repositories in DEFAULT mode.
2023-02-08T15:08:44.111-06:00  INFO 4992 --- [main] .s.d.r.c.RepositoryConfigurationDelegate : Finished Spring Data repository scanning in 53 ms. Found 2 JPA repository interfaces.
2023-02-08T15:08:45.599-06:00  INFO 4992 --- [main] o.s.b.w.embedded.tomcat.TomcatWebServer  : Tomcat initialized with port(s): 8000 (http)
2023-02-08T15:08:46.044-06:00  INFO 4992 --- [main] w.s.c.ServletWebServerApplicationContext : Root WebApplicationContext: initialization completed in 2791 ms
2023-02-08T15:08:46.252-06:00  INFO 4992 --- [main] o.hibernate.jpa.internal.util.LogHelper  : HHH000204: Processing PersistenceUnitInfo [name: default]
2023-02-08T15:08:46.387-06:00  INFO 4992 --- [main] org.hibernate.Version                    : HHH000412: Hibernate ORM core version 6.1.6.Final
2023-02-08T15:08:46.718-06:00  WARN 4992 --- [main] org.hibernate.orm.deprecation            : HHH90000021: Encountered deprecated setting [javax.persistence.sharedCache.mode], use [jakarta.persistence.sharedCache.mode] instead
2023-02-08T15:08:46.942-06:00  INFO 4992 --- [main] com.zaxxer.hikari.HikariDataSource       : HikariPool-1 - Starting...
2023-02-08T15:08:47.135-06:00  INFO 4992 --- [main] com.zaxxer.hikari.pool.HikariPool        : HikariPool-1 - Added connection org.postgresql.jdbc.PgConnection@7c0df4ab
2023-02-08T15:08:47.137-06:00  INFO 4992 --- [main] com.zaxxer.hikari.HikariDataSource       : HikariPool-1 - Start completed.
2023-02-08T15:08:47.185-06:00  INFO 4992 --- [main] SQL dialect                              : HHH000400: Using dialect: org.hibernate.dialect.PostgreSQLDialect
2023-02-08T15:08:48.110-06:00  INFO 4992 --- [main] o.h.e.t.j.p.i.JtaPlatformInitiator       : HHH000490: Using JtaPlatform implementation: [org.hibernate.engine.transaction.jta.platform.internal.NoJtaPlatform]
2023-02-08T15:08:48.120-06:00  INFO 4992 --- [main] j.LocalContainerEntityManagerFactoryBean : Initialized JPA EntityManagerFactory for persistence unit 'default'
2023-02-08T15:08:49.265-06:00  INFO 4992 --- [main] o.s.s.web.DefaultSecurityFilterChain     : Will secure any request with [org.springframework.security.web.session.DisableEncodeUrlFilter@ed1d2cf, org.springframework.security.web.context.request.async.WebAsyncManagerIntegrationFilter@b814e23, org.springframework.security.web.context.SecurityContextHolderFilter@1c528f2f, org.springframework.security.web.header.HeaderWriterFilter@2a9ea03f, org.springframework.security.web.authentication.logout.LogoutFilter@4419cd6e, com.traceit.back.config.JWTFilter@29b4444a, org.springframework.security.web.savedrequest.RequestCacheAwareFilter@e2344da, org.springframework.security.web.servletapi.SecurityContextHolderAwareRequestFilter@21d48c40, org.springframework.security.web.authentication.AnonymousAuthenticationFilter@5f81507a, org.springframework.security.web.session.SessionManagementFilter@7c8a91e2, org.springframework.security.web.access.ExceptionTranslationFilter@33214124, org.springframework.security.web.access.intercept.AuthorizationFilter@149238fe]
2023-02-08T15:08:49.575-06:00  INFO 4992 --- [main] o.s.b.w.embedded.tomcat.TomcatWebServer  : Tomcat started on port(s): 8000 (http) with context path ''
2023-02-08T15:08:49.590-06:00  INFO 4992 --- [main] com.traceit.back.BackApplication         : Started BackApplication in 7.081 seconds (process running for 7.766)
2023-02-08T15:08:49.615-06:00  INFO 4992 --- [SpringApplicationShutdownHook] j.LocalContainerEntityManagerFactoryBean : Closing JPA EntityManagerFactory for persistence unit 'default'
2023-02-08T15:08:49.616-06:00  INFO 4992 --- [SpringApplicationShutdownHook] com.zaxxer.hikari.HikariDataSource       : HikariPool-1 - Shutdown initiated...
2023-02-08T15:08:49.622-06:00  INFO 4992 --- [SpringApplicationShutdownHook] com.zaxxer.hikari.HikariDataSource       : HikariPool-1 - Shutdown completed.
2023-02-08T16:23:35.486-06:00  INFO 9012 --- [main] com.traceit.back.BackApplication         : Starting BackApplication using Java 17.0.6 with PID 9012 (C:\Users\Traceit\Desktop\proyecto\FridaOcampoIt\back\target\classes started by Traceit in C:\Users\Traceit\Desktop\proyecto\FridaOcampoIt\back)
2023-02-08T16:23:35.492-06:00  INFO 9012 --- [main] com.traceit.back.BackApplication         : The following 1 profile is active: "development"
2023-02-08T16:23:36.831-06:00  INFO 9012 --- [main] .s.d.r.c.RepositoryConfigurationDelegate : Bootstrapping Spring Data JPA repositories in DEFAULT mode.
2023-02-08T16:23:36.945-06:00  INFO 9012 --- [main] .s.d.r.c.RepositoryConfigurationDelegate : Finished Spring Data repository scanning in 89 ms. Found 2 JPA repository interfaces.
2023-02-08T16:23:39.526-06:00  INFO 9012 --- [main] o.s.b.w.embedded.tomcat.TomcatWebServer  : Tomcat initialized with port(s): 8000 (http)
2023-02-08T16:23:39.557-06:00  INFO 9012 --- [main] o.apache.catalina.core.StandardService   : Starting service [Tomcat]
2023-02-08T16:23:39.558-06:00  INFO 9012 --- [main] o.apache.catalina.core.StandardEngine    : Starting Servlet engine: [Apache Tomcat/10.1.5]
2023-02-08T16:23:39.809-06:00  INFO 9012 --- [main] o.a.c.c.C.[Tomcat].[localhost].[/]       : Initializing Spring embedded WebApplicationContext
2023-02-08T16:23:39.811-06:00  INFO 9012 --- [main] w.s.c.ServletWebServerApplicationContext : Root WebApplicationContext: initialization completed in 4195 ms
2023-02-08T16:23:40.069-06:00  INFO 9012 --- [main] o.hibernate.jpa.internal.util.LogHelper  : HHH000204: Processing PersistenceUnitInfo [name: default]
2023-02-08T16:23:40.208-06:00  INFO 9012 --- [main] org.hibernate.Version                    : HHH000412: Hibernate ORM core version 6.1.6.Final
2023-02-08T16:23:40.804-06:00  WARN 9012 --- [main] org.hibernate.orm.deprecation            : HHH90000021: Encountered deprecated setting [javax.persistence.sharedCache.mode], use [jakarta.persistence.sharedCache.mode] instead
2023-02-08T16:23:41.228-06:00  INFO 9012 --- [main] com.zaxxer.hikari.HikariDataSource       : HikariPool-1 - Starting...
2023-02-08T16:23:41.814-06:00  INFO 9012 --- [main] com.zaxxer.hikari.pool.HikariPool        : HikariPool-1 - Added connection org.postgresql.jdbc.PgConnection@2776fd8f
2023-02-08T16:23:41.819-06:00  INFO 9012 --- [main] com.zaxxer.hikari.HikariDataSource       : HikariPool-1 - Start completed.
2023-02-08T16:23:41.901-06:00  INFO 9012 --- [main] SQL dialect                              : HHH000400: Using dialect: org.hibernate.dialect.PostgreSQLDialect
2023-02-08T16:23:45.268-06:00  INFO 9012 --- [main] o.h.e.t.j.p.i.JtaPlatformInitiator       : HHH000490: Using JtaPlatform implementation: [org.hibernate.engine.transaction.jta.platform.internal.NoJtaPlatform]
2023-02-08T16:23:45.315-06:00  INFO 9012 --- [main] j.LocalContainerEntityManagerFactoryBean : Initialized JPA EntityManagerFactory for persistence unit 'default'
2023-02-08T16:23:48.152-06:00  INFO 9012 --- [main] o.s.s.web.DefaultSecurityFilterChain     : Will secure any request with [org.springframework.security.web.session.DisableEncodeUrlFilter@2fc0ad21, org.springframework.security.web.context.request.async.WebAsyncManagerIntegrationFilter@639cb0c8, org.springframework.security.web.context.SecurityContextHolderFilter@32121140, org.springframework.security.web.header.HeaderWriterFilter@4d9cf71d, org.springframework.security.web.authentication.logout.LogoutFilter@c7443f, com.traceit.back.config.JWTFilter@397dfbe8, org.springframework.security.web.savedrequest.RequestCacheAwareFilter@5c81ddab, org.springframework.security.web.servletapi.SecurityContextHolderAwareRequestFilter@394b9e22, org.springframework.security.web.authentication.AnonymousAuthenticationFilter@65d2d3cc, org.springframework.security.web.session.SessionManagementFilter@6f7a65e, org.springframework.security.web.access.ExceptionTranslationFilter@39fc17be, org.springframework.security.web.access.intercept.AuthorizationFilter@4a10c019]
2023-02-08T16:23:48.828-06:00  INFO 9012 --- [main] o.s.b.w.embedded.tomcat.TomcatWebServer  : Tomcat started on port(s): 8000 (http) with context path ''
2023-02-08T16:23:48.851-06:00  INFO 9012 --- [main] com.traceit.back.BackApplication         : Started BackApplication in 14.312 seconds (process running for 15.402)
2023-02-08T16:31:11.731-06:00  INFO 9012 --- [http-nio-8000-exec-3] o.a.c.c.C.[Tomcat].[localhost].[/]       : Initializing Spring DispatcherServlet 'dispatcherServlet'
2023-02-08T16:31:11.742-06:00  INFO 9012 --- [http-nio-8000-exec-3] o.s.web.servlet.DispatcherServlet        : Initializing Servlet 'dispatcherServlet'
